<?xml version="1.0" encoding="UTF-8"?>
<!-- Generated by org.testng.reporters.JUnitReportReporter -->
<testsuite skipped="0" hostname="Zeeshan.lan" name="Tests.IMDb250_test" tests="4" failures="0" timestamp="09 May 2020 17:07:19 GMT" time="7.884" errors="0">
  <testcase name="CheckPageEssentials" time="1.023" classname="Tests.IMDb250_test"/>
  <testcase name="checkChartHeadingsAndBody" time="1.264" classname="Tests.IMDb250_test"/>
  <testcase name="sortIMDb250Movies" time="0.613" classname="Tests.IMDb250_test"/>
  <testcase name="shareOnTwitter" time="4.984" classname="Tests.IMDb250_test"/>
</testsuite> <!-- Tests.IMDb250_test -->
